<?xml version="1.0" encoding="UTF-8"?>
<!-- Generated by org.testng.reporters.JUnitReportReporter -->
<testsuite skipped="0" hostname="LAPTOP-LPF6KBVV" name="testcase.Registration" tests="1" failures="0" timestamp="2022-06-15T03:56:14 BDT" time="65.162" errors="0">
  <testcase name="login" time="65.162" classname="testcase.Registration"/>
  <system-out/>
</testsuite> <!-- testcase.Registration -->
