<?xml version="1.0" encoding="UTF-8"?>
<!-- Generated by org.testng.reporters.JUnitReportReporter -->
<testsuite skipped="0" hostname="DESKTOP-OGQ3IB6" name="testcase.SignIn" tests="2" failures="0" timestamp="2022-06-17T20:28:12 BDT" time="112.535" errors="0">
  <testcase name="SignIn" time="12.354" classname="testcase.SignIn"/>
  <system-out/>
  <testcase name="profile" time="100.181" classname="testcase.SignIn"/>
  <system-out/>
</testsuite> <!-- testcase.SignIn -->
