<?xml version="1.0" encoding="UTF-8"?>
<!-- Generated by org.testng.reporters.JUnitReportReporter -->
<testsuite skipped="0" hostname="LAPTOP-LPF6KBVV" name="testcase.SignIn" tests="1" failures="0" timestamp="2022-06-14T21:35:50 BDT" time="61.162" errors="0">
  <testcase name="SignIn" time="61.162" classname="testcase.SignIn"/>
  <system-out/>
</testsuite> <!-- testcase.SignIn -->
