<?xml version="1.0" encoding="UTF-8"?>
<!-- Generated by org.testng.reporters.JUnitReportReporter -->
<testsuite skipped="0" hostname="DESKTOP-OGQ3IB6" name="testcase.Registration" tests="1" failures="0" timestamp="2022-06-17T18:24:18 BDT" time="30.323" errors="0">
  <testcase name="login" time="30.323" classname="testcase.Registration"/>
  <system-out/>
</testsuite> <!-- testcase.Registration -->
